==198== Memcheck, a memory error detector
==198== Copyright (C) 2002-2024, and GNU GPL'd, by Julian Seward et al.
==198== Using Valgrind-3.25.1 and LibVEX; rerun with -h for copyright info
==198== Command: ./test_minishell
==198== Parent PID: 190
==198== 
==198== 
==198== FILE DESCRIPTORS: 3 open (2 inherited) at exit.
==198== Open file descriptor 1: /app/tests/files/nonexistent_out.txt
==198==    at 0x4089560: dup2 (in /lib/ld-musl-aarch64.so.1)
==198== 
==198== 
==198== HEAP SUMMARY:
==198==     in use at exit: 0 bytes in 0 blocks
==198==   total heap usage: 44 allocs, 44 frees, 947 bytes allocated
==198== 
==198== All heap blocks were freed -- no leaks are possible
==198== 
==198== For lists of detected and suppressed errors, rerun with: -s
==198== ERROR SUMMARY: 1 errors from 1 contexts (suppressed: 0 from 0)
