==197== Memcheck, a memory error detector
==197== Copyright (C) 2002-2024, and GNU GPL'd, by Julian Seward et al.
==197== Using Valgrind-3.25.1 and LibVEX; rerun with -h for copyright info
==197== Command: ./test_minishell
==197== Parent PID: 190
==197== 
==197== 
==197== FILE DESCRIPTORS: 3 open (2 inherited) at exit.
==197== Open file descriptor 1: /app/tests/files/out.txt
==197==    at 0x4089560: dup2 (in /lib/ld-musl-aarch64.so.1)
==197== 
==197== 
==197== HEAP SUMMARY:
==197==     in use at exit: 0 bytes in 0 blocks
==197==   total heap usage: 38 allocs, 38 frees, 808 bytes allocated
==197== 
==197== All heap blocks were freed -- no leaks are possible
==197== 
==197== For lists of detected and suppressed errors, rerun with: -s
==197== ERROR SUMMARY: 1 errors from 1 contexts (suppressed: 0 from 0)
